
> web@0.1.0 build C:\Users\Joelson Azevedo\Documents\projetos\atrium-tests-2\apps\web
> next build

   ▲ Next.js 15.5.6

   Creating an optimized production build ...
 ✓ Compiled successfully in 1563ms
   Linting and checking validity of types ...
   Collecting page data ...
   Generating static pages (0/5) ...
   Generating static pages (1/5) 
   Generating static pages (2/5) 
   Generating static pages (3/5) 
 ✓ Generating static pages (5/5)
   Finalizing page optimization ...
   Collecting build traces ...

Route (app)                                 Size  First Load JS
┌ ○ /                                      123 B         102 kB
└ ○ /_not-found                            988 B         103 kB
+ First Load JS shared by all             102 kB
  ├ chunks/685-34e17367c0c9029b.js       45.6 kB
  ├ chunks/c7e7739b-eb240fdda60f2e9f.js  54.2 kB
  └ other shared chunks (total)          1.96 kB


○  (Static)  prerendered as static content

